<?xml version="1.0" encoding="UTF-8"?>
<testsuite name="com.spring1.spring1.repository.MemoryMemberRepositoryTest" tests="4" skipped="0" failures="0" errors="0" timestamp="2023-03-08T10:45:17" hostname="DESKTOP-N608PM4" time="0.147">
  <properties/>
  <testcase name="find_id()" classname="com.spring1.spring1.repository.MemoryMemberRepositoryTest" time="0.037"/>
  <testcase name="find_all()" classname="com.spring1.spring1.repository.MemoryMemberRepositoryTest" time="0.099"/>
  <testcase name="save()" classname="com.spring1.spring1.repository.MemoryMemberRepositoryTest" time="0.003"/>
  <testcase name="find_name()" classname="com.spring1.spring1.repository.MemoryMemberRepositoryTest" time="0.002"/>
  <system-out><![CDATA[]]></system-out>
  <system-err><![CDATA[]]></system-err>
</testsuite>
