<?xml version="1.0" encoding="UTF-8"?>
<testsuite name="service.MemberServiceTest" tests="4" skipped="0" failures="0" errors="0" timestamp="2023-01-20T08:17:49" hostname="DESKTOP-N608PM4" time="0.122">
  <properties/>
  <testcase name="findOne()" classname="service.MemberServiceTest" time="0.031"/>
  <testcase name="join()" classname="service.MemberServiceTest" time="0.079"/>
  <testcase name="중복_회원_예외()" classname="service.MemberServiceTest" time="0.006"/>
  <testcase name="findMembers()" classname="service.MemberServiceTest" time="0.001"/>
  <system-out><![CDATA[]]></system-out>
  <system-err><![CDATA[]]></system-err>
</testsuite>
